#
# A fatal error has been detected by the Java Runtime Environment:
#
#  EXCEPTION_ACCESS_VIOLATION (0xc0000005) at pc=0x00007ff8d70eb2ba, pid=12556, tid=30620
#
# JRE version: Java(TM) SE Runtime Environment (13.0.1+9) (build 13.0.1+9)
# Java VM: Java HotSpot(TM) 64-Bit Server VM (13.0.1+9, mixed mode, sharing, tiered, compressed oops, g1 gc, windows-amd64)
# Problematic frame:
# C  [lwjgl_opengl.dll+0xb2ba]
#
# No core dump will be written. Minidumps are not enabled by default on client versions of Windows
#
# If you would like to submit a bug report, please visit:
#   http://bugreport.java.com/bugreport/crash.jsp
# The crash happened outside the Java Virtual Machine in native code.
# See problematic frame for where to report the bug.
#

---------------  S U M M A R Y ------------

Command Line: -Dfile.encoding=windows-1252 -Dstdout.encoding=windows-1252 -Dstderr.encoding=windows-1252 --module-path=C:\Users\Sam\eclipse-workspace\RaycasterEngine\target\classes;C:\Users\Sam\.m2\repository\org\lwjgl\lwjgl\3.3.1\lwjgl-3.3.1.jar;C:\Users\Sam\.m2\repository\org\lwjgl\lwjgl-glfw\3.3.1\lwjgl-glfw-3.3.1.jar;C:\Users\Sam\.m2\repository\org\lwjgl\lwjgl-opengl\3.3.1\lwjgl-opengl-3.3.1.jar -Djdk.module.main=RaycasterEngine RaycasterEngine/main.RayCaster

Host: Intel(R) Core(TM) i7-6800K CPU @ 3.40GHz, 12 cores, 15G,  Windows 10 , 64 bit Build 19041 (10.0.19041.3636)
Time: Mon Jun 17 22:23:36 2024 Eastern Daylight Time elapsed time: 0 seconds (0d 0h 0m 0s)

---------------  T H R E A D  ---------------

Current thread (0x000001e82e3e2000):  JavaThread "main" [_thread_in_native, id=30620, stack(0x0000008876400000,0x0000008876500000)]

Stack: [0x0000008876400000,0x0000008876500000],  sp=0x00000088764feff8,  free space=1019k
Native frames: (J=compiled Java code, j=interpreted, Vv=VM code, C=native code)
C  [lwjgl_opengl.dll+0xb2ba]

Java frames: (J=compiled Java code, j=interpreted, Vv=VM code)
j  org.lwjgl.opengl.GL11.glMatrixMode(I)V+0 org.lwjgl.opengl@3.3.1+7
j  main.RayCaster.init()V+259 RaycasterEngine
j  main.RayCaster.run()V+15 RaycasterEngine
j  main.RayCaster.main([Ljava/lang/String;)V+7 RaycasterEngine
v  ~StubRoutines::call_stub

siginfo: EXCEPTION_ACCESS_VIOLATION (0xc0000005), reading address 0x0000000000000540


Register to memory mapping:

RIP=0x00007ff8d70eb2ba lwjgl_opengl.dll
RAX=0x000001e8532896e0 points into unknown readable memory: 00 00 00 00 00 00 00 00
RBX={method} {0x000001e852969c50} 'glMatrixMode' '(I)V' in 'org/lwjgl/opengl/GL11'
RCX=0x0000000000001701 is an unknown value
RDX=0x0 is NULL
RSP=0x00000088764feff8 is pointing into the stack for thread: 0x000001e82e3e2000
RBP=0x00000088764ff070 is pointing into the stack for thread: 0x000001e82e3e2000
RSI=0x000001e8524d6b30 is pointing into metadata
RDI=0x000001e8368ea273 is at code_begin+2355 in an Interpreter codelet
invoke return entry points  [0x000001e8368e9940, 0x000001e8368ea360]  2592 bytes
R8 =0x0000000000001701 is an unknown value
R9 =0x0000000000000002 is an unknown value
R10=0x000001e8368ef4c8 is at code_begin+1000 in an Interpreter codelet
method entry point (kind = native)  [0x000001e8368ef0e0, 0x000001e8368efc40]  2912 bytes
R11=0x00000007110f56c8 is an oop: java.lang.Class 
{0x00000007110f56c8} - klass: 'java/lang/Class'
R12=0x0 is NULL
R13=0x000001e852969c40 is pointing into metadata
R14=0x00000088764ff090 is pointing into the stack for thread: 0x000001e82e3e2000
R15=0x000001e82e3e2000 is a thread


Registers:
RAX=0x000001e8532896e0, RBX=0x000001e852969c48, RCX=0x0000000000001701, RDX=0x0000000000000000
RSP=0x00000088764feff8, RBP=0x00000088764ff070, RSI=0x000001e8524d6b30, RDI=0x000001e8368ea273
R8 =0x0000000000001701, R9 =0x0000000000000002, R10=0x000001e8368ef4c8, R11=0x00000007110f56c8
R12=0x0000000000000000, R13=0x000001e852969c40, R14=0x00000088764ff090, R15=0x000001e82e3e2000
RIP=0x00007ff8d70eb2ba, EFLAGS=0x0000000000010202

Top of Stack: (sp=0x00000088764feff8)
0x00000088764feff8:   000001e8368ef4f7 000001e852969c48
0x00000088764ff008:   000001e8524d6b30 00007ff8d7191dd0
0x00000088764ff018:   0000000000000000 000001e8368ef196
0x00000088764ff028:   00000088764ff028 000001e852969c40
0x00000088764ff038:   00000088764ff090 000001e852985138
0x00000088764ff048:   0000000000000000 00000007110f56c8
0x00000088764ff058:   000001e852969c48 0000000000000000
0x00000088764ff068:   00000088764ff090 00000088764ff0e0
0x00000088764ff078:   000001e8368ea273 00000007110f56c8
0x00000088764ff088:   000001e8368ec418 0000000000001701
0x00000088764ff098:   00000088764ff098 000001e852853783
0x00000088764ff0a8:   00000088764ff120 000001e852854040
0x00000088764ff0b8:   0000000000000000 0000000711377ad0
0x00000088764ff0c8:   000001e852853808 00000088764ff090
0x00000088764ff0d8:   00000088764ff120 00000088764ff170
0x00000088764ff0e8:   000001e8368ea273 00000007110d3c98 

Instructions: (pc=0x00007ff8d70eb2ba)
0x00007ff8d70eb1ba:   24 38 f3 0f 10 44 24 40 44 8b 4c 24 30 48 8b 50
0x00007ff8d70eb1ca:   18 f3 0f 10 54 24 28 f3 0f 11 44 24 30 f3 0f 11
0x00007ff8d70eb1da:   4c 24 28 0f 28 cb 48 ff a2 10 05 00 00 cc cc cc
0x00007ff8d70eb1ea:   cc cc cc cc cc cc 48 8b 01 41 8b c8 f2 0f 10 4c
0x00007ff8d70eb1fa:   24 38 f2 0f 10 44 24 40 44 8b 4c 24 30 48 8b 50
0x00007ff8d70eb20a:   18 f2 0f 10 54 24 28 f2 0f 11 44 24 30 f2 0f 11
0x00007ff8d70eb21a:   4c 24 28 0f 28 cb 48 ff a2 18 05 00 00 cc cc cc
0x00007ff8d70eb22a:   cc cc cc cc cc cc 48 8b 01 45 8b d8 44 8b 44 24
0x00007ff8d70eb23a:   28 41 8b d1 41 8b cb 4c 8b 50 18 49 ff a2 20 05
0x00007ff8d70eb24a:   00 00 cc cc cc cc 48 8b 01 41 8b d1 f3 0f 10 54
0x00007ff8d70eb25a:   24 28 41 8b c8 4c 8b 50 18 49 ff a2 28 05 00 00
0x00007ff8d70eb26a:   cc cc cc cc cc cc 48 8b 01 45 8b d8 4c 8b 44 24
0x00007ff8d70eb27a:   28 41 8b d1 41 8b cb 4c 8b 50 18 49 ff a2 30 05
0x00007ff8d70eb28a:   00 00 cc cc cc cc 48 8b 01 45 8b d8 4c 8b 44 24
0x00007ff8d70eb29a:   28 41 8b d1 41 8b cb 4c 8b 50 18 49 ff a2 38 05
0x00007ff8d70eb2aa:   00 00 cc cc cc cc 48 8b 01 41 8b c8 48 8b 50 18
0x00007ff8d70eb2ba:   48 ff a2 40 05 00 00 cc cc cc cc cc cc cc cc cc
0x00007ff8d70eb2ca:   cc cc cc cc cc cc 48 8b 01 49 8b c8 48 8b 50 18
0x00007ff8d70eb2da:   48 ff a2 48 05 00 00 cc cc cc cc cc cc cc cc cc
0x00007ff8d70eb2ea:   cc cc cc cc cc cc 48 8b 01 49 8b c8 48 8b 50 18
0x00007ff8d70eb2fa:   48 ff a2 50 05 00 00 cc cc cc cc cc cc cc cc cc
0x00007ff8d70eb30a:   cc cc cc cc cc cc f2 0f 10 44 24 40 0f 28 e3 f2
0x00007ff8d70eb31a:   0f 10 4c 24 38 0f 28 ea 48 8b 01 f2 0f 10 5c 24
0x00007ff8d70eb32a:   30 f2 0f 10 54 24 28 f2 0f 11 44 24 30 0f 28 c5
0x00007ff8d70eb33a:   48 8b 48 18 f2 0f 11 4c 24 28 0f 28 cc 48 ff a1
0x00007ff8d70eb34a:   58 05 00 00 cc cc 48 8b 01 41 8b d1 41 8b c8 4c
0x00007ff8d70eb35a:   8b 50 18 49 ff a2 60 05 00 00 cc cc cc cc cc cc
0x00007ff8d70eb36a:   cc cc cc cc cc cc 48 8b 01 48 8b 48 18 48 ff a1
0x00007ff8d70eb37a:   68 05 00 00 cc cc 48 8b 01 0f 28 c2 f3 0f 10 54
0x00007ff8d70eb38a:   24 28 0f 28 cb 48 8b 48 18 48 ff a1 70 05 00 00
0x00007ff8d70eb39a:   cc cc cc cc cc cc 48 8b 01 45 0f b6 d8 44 0f b6
0x00007ff8d70eb3aa:   44 24 28 41 0f b6 d1 41 0f b6 cb 4c 8b 50 18 49 


Stack slot to memory mapping:
stack at sp + 0 slots: 0x000001e8368ef4f7 is at code_begin+1047 in an Interpreter codelet
method entry point (kind = native)  [0x000001e8368ef0e0, 0x000001e8368efc40]  2912 bytes
stack at sp + 1 slots: {method} {0x000001e852969c50} 'glMatrixMode' '(I)V' in 'org/lwjgl/opengl/GL11'
stack at sp + 2 slots: 0x000001e8524d6b30 is pointing into metadata
stack at sp + 3 slots: 0x00007ff8d7191dd0 glfw.dll
stack at sp + 4 slots: 0x0 is NULL
stack at sp + 5 slots: 0x000001e8368ef196 is at code_begin+182 in an Interpreter codelet
method entry point (kind = native)  [0x000001e8368ef0e0, 0x000001e8368efc40]  2912 bytes
stack at sp + 6 slots: 0x00000088764ff028 is pointing into the stack for thread: 0x000001e82e3e2000
stack at sp + 7 slots: 0x000001e852969c40 is pointing into metadata


---------------  P R O C E S S  ---------------

Threads class SMR info:
_java_thread_list=0x000001e8535db520, length=10, elements={
0x000001e82e3e2000, 0x000001e851c7b000, 0x000001e851c7e800, 0x000001e851c9e000,
0x000001e851ca0000, 0x000001e851ca3000, 0x000001e851ca4000, 0x000001e851cb7000,
0x000001e851c65000, 0x000001e853207000
}

Java Threads: ( => current thread )
=>0x000001e82e3e2000 JavaThread "main" [_thread_in_native, id=30620, stack(0x0000008876400000,0x0000008876500000)]
  0x000001e851c7b000 JavaThread "Reference Handler" daemon [_thread_blocked, id=19548, stack(0x0000008876b00000,0x0000008876c00000)]
  0x000001e851c7e800 JavaThread "Finalizer" daemon [_thread_blocked, id=20320, stack(0x0000008876c00000,0x0000008876d00000)]
  0x000001e851c9e000 JavaThread "Signal Dispatcher" daemon [_thread_blocked, id=32396, stack(0x0000008876d00000,0x0000008876e00000)]
  0x000001e851ca0000 JavaThread "Attach Listener" daemon [_thread_blocked, id=19732, stack(0x0000008876e00000,0x0000008876f00000)]
  0x000001e851ca3000 JavaThread "C2 CompilerThread0" daemon [_thread_blocked, id=26352, stack(0x0000008876f00000,0x0000008877000000)]
  0x000001e851ca4000 JavaThread "C1 CompilerThread0" daemon [_thread_blocked, id=13860, stack(0x0000008877000000,0x0000008877100000)]
  0x000001e851cb7000 JavaThread "Sweeper thread" daemon [_thread_blocked, id=3696, stack(0x0000008877100000,0x0000008877200000)]
  0x000001e851c65000 JavaThread "Common-Cleaner" daemon [_thread_blocked, id=25288, stack(0x0000008877200000,0x0000008877300000)]
  0x000001e853207000 JavaThread "Service Thread" daemon [_thread_blocked, id=33612, stack(0x0000008877500000,0x0000008877600000)]

Other Threads:
  0x000001e851c7a800 VMThread "VM Thread" [stack: 0x0000008876a00000,0x0000008876b00000] [id=17096]
  0x000001e853209800 WatcherThread [stack: 0x0000008877600000,0x0000008877700000] [id=18292]
  0x000001e82e452000 GCTaskThread "GC Thread#0" [stack: 0x0000008876500000,0x0000008876600000] [id=14116]
  0x000001e82e474000 ConcurrentGCThread "G1 Main Marker" [stack: 0x0000008876600000,0x0000008876700000] [id=19088]
  0x000001e82e475800 ConcurrentGCThread "G1 Conc#0" [stack: 0x0000008876700000,0x0000008876800000] [id=32112]
  0x000001e851bd1800 ConcurrentGCThread "G1 Refine#0" [stack: 0x0000008876800000,0x0000008876900000] [id=26852]
  0x000001e851bd2000 ConcurrentGCThread "G1 Young RemSet Sampling" [stack: 0x0000008876900000,0x0000008876a00000] [id=24156]

Threads with active compile tasks:

VM state:not at safepoint (normal execution)

VM Mutex/Monitor currently owned by a thread: None

Heap address: 0x0000000701800000, size: 4072 MB, Compressed Oops mode: Zero based, Oop shift amount: 3
Narrow klass base: 0x0000000800000000, Narrow klass shift: 3
Compressed class space size: 1073741824 Address: 0x0000000800b40000

Heap:
 garbage-first heap   total 262144K, used 7168K [0x0000000701800000, 0x0000000800000000)
  region size 1024K, 9 young (9216K), 0 survivors (0K)
 Metaspace       used 3038K, capacity 6041K, committed 6272K, reserved 1056768K
  class space    used 248K, capacity 554K, committed 640K, reserved 1048576K
Heap Regions: E=young(eden), S=young(survivor), O=old, HS=humongous(starts), HC=humongous(continues), CS=collection set, F=free, A=archive, TAMS=top-at-mark-start (previous, next)
|   0|0x0000000701800000, 0x0000000701800000, 0x0000000701900000|  0%| F|  |TAMS 0x0000000701800000, 0x0000000701800000| Untracked 
|   1|0x0000000701900000, 0x0000000701900000, 0x0000000701a00000|  0%| F|  |TAMS 0x0000000701900000, 0x0000000701900000| Untracked 
|   2|0x0000000701a00000, 0x0000000701a00000, 0x0000000701b00000|  0%| F|  |TAMS 0x0000000701a00000, 0x0000000701a00000| Untracked 
|   3|0x0000000701b00000, 0x0000000701b00000, 0x0000000701c00000|  0%| F|  |TAMS 0x0000000701b00000, 0x0000000701b00000| Untracked 
|   4|0x0000000701c00000, 0x0000000701c00000, 0x0000000701d00000|  0%| F|  |TAMS 0x0000000701c00000, 0x0000000701c00000| Untracked 
|   5|0x0000000701d00000, 0x0000000701d00000, 0x0000000701e00000|  0%| F|  |TAMS 0x0000000701d00000, 0x0000000701d00000| Untracked 
|   6|0x0000000701e00000, 0x0000000701e00000, 0x0000000701f00000|  0%| F|  |TAMS 0x0000000701e00000, 0x0000000701e00000| Untracked 
|   7|0x0000000701f00000, 0x0000000701f00000, 0x0000000702000000|  0%| F|  |TAMS 0x0000000701f00000, 0x0000000701f00000| Untracked 
|   8|0x0000000702000000, 0x0000000702000000, 0x0000000702100000|  0%| F|  |TAMS 0x0000000702000000, 0x0000000702000000| Untracked 
|   9|0x0000000702100000, 0x0000000702100000, 0x0000000702200000|  0%| F|  |TAMS 0x0000000702100000, 0x0000000702100000| Untracked 
|  10|0x0000000702200000, 0x0000000702200000, 0x0000000702300000|  0%| F|  |TAMS 0x0000000702200000, 0x0000000702200000| Untracked 
|  11|0x0000000702300000, 0x0000000702300000, 0x0000000702400000|  0%| F|  |TAMS 0x0000000702300000, 0x0000000702300000| Untracked 
|  12|0x0000000702400000, 0x0000000702400000, 0x0000000702500000|  0%| F|  |TAMS 0x0000000702400000, 0x0000000702400000| Untracked 
|  13|0x0000000702500000, 0x0000000702500000, 0x0000000702600000|  0%| F|  |TAMS 0x0000000702500000, 0x0000000702500000| Untracked 
|  14|0x0000000702600000, 0x0000000702600000, 0x0000000702700000|  0%| F|  |TAMS 0x0000000702600000, 0x0000000702600000| Untracked 
|  15|0x0000000702700000, 0x0000000702700000, 0x0000000702800000|  0%| F|  |TAMS 0x0000000702700000, 0x0000000702700000| Untracked 
|  16|0x0000000702800000, 0x0000000702800000, 0x0000000702900000|  0%| F|  |TAMS 0x0000000702800000, 0x0000000702800000| Untracked 
|  17|0x0000000702900000, 0x0000000702900000, 0x0000000702a00000|  0%| F|  |TAMS 0x0000000702900000, 0x0000000702900000| Untracked 
|  18|0x0000000702a00000, 0x0000000702a00000, 0x0000000702b00000|  0%| F|  |TAMS 0x0000000702a00000, 0x0000000702a00000| Untracked 
|  19|0x0000000702b00000, 0x0000000702b00000, 0x0000000702c00000|  0%| F|  |TAMS 0x0000000702b00000, 0x0000000702b00000| Untracked 
|  20|0x0000000702c00000, 0x0000000702c00000, 0x0000000702d00000|  0%| F|  |TAMS 0x0000000702c00000, 0x0000000702c00000| Untracked 
|  21|0x0000000702d00000, 0x0000000702d00000, 0x0000000702e00000|  0%| F|  |TAMS 0x0000000702d00000, 0x0000000702d00000| Untracked 
|  22|0x0000000702e00000, 0x0000000702e00000, 0x0000000702f00000|  0%| F|  |TAMS 0x0000000702e00000, 0x0000000702e00000| Untracked 
|  23|0x0000000702f00000, 0x0000000702f00000, 0x0000000703000000|  0%| F|  |TAMS 0x0000000702f00000, 0x0000000702f00000| Untracked 
|  24|0x0000000703000000, 0x0000000703000000, 0x0000000703100000|  0%| F|  |TAMS 0x0000000703000000, 0x0000000703000000| Untracked 
|  25|0x0000000703100000, 0x0000000703100000, 0x0000000703200000|  0%| F|  |TAMS 0x0000000703100000, 0x0000000703100000| Untracked 
|  26|0x0000000703200000, 0x0000000703200000, 0x0000000703300000|  0%| F|  |TAMS 0x0000000703200000, 0x0000000703200000| Untracked 
|  27|0x0000000703300000, 0x0000000703300000, 0x0000000703400000|  0%| F|  |TAMS 0x0000000703300000, 0x0000000703300000| Untracked 
|  28|0x0000000703400000, 0x0000000703400000, 0x0000000703500000|  0%| F|  |TAMS 0x0000000703400000, 0x0000000703400000| Untracked 
|  29|0x0000000703500000, 0x0000000703500000, 0x0000000703600000|  0%| F|  |TAMS 0x0000000703500000, 0x0000000703500000| Untracked 
|  30|0x0000000703600000, 0x0000000703600000, 0x0000000703700000|  0%| F|  |TAMS 0x0000000703600000, 0x0000000703600000| Untracked 
|  31|0x0000000703700000, 0x0000000703700000, 0x0000000703800000|  0%| F|  |TAMS 0x0000000703700000, 0x0000000703700000| Untracked 
|  32|0x0000000703800000, 0x0000000703800000, 0x0000000703900000|  0%| F|  |TAMS 0x0000000703800000, 0x0000000703800000| Untracked 
|  33|0x0000000703900000, 0x0000000703900000, 0x0000000703a00000|  0%| F|  |TAMS 0x0000000703900000, 0x0000000703900000| Untracked 
|  34|0x0000000703a00000, 0x0000000703a00000, 0x0000000703b00000|  0%| F|  |TAMS 0x0000000703a00000, 0x0000000703a00000| Untracked 
|  35|0x0000000703b00000, 0x0000000703b00000, 0x0000000703c00000|  0%| F|  |TAMS 0x0000000703b00000, 0x0000000703b00000| Untracked 
|  36|0x0000000703c00000, 0x0000000703c00000, 0x0000000703d00000|  0%| F|  |TAMS 0x0000000703c00000, 0x0000000703c00000| Untracked 
|  37|0x0000000703d00000, 0x0000000703d00000, 0x0000000703e00000|  0%| F|  |TAMS 0x0000000703d00000, 0x0000000703d00000| Untracked 
|  38|0x0000000703e00000, 0x0000000703e00000, 0x0000000703f00000|  0%| F|  |TAMS 0x0000000703e00000, 0x0000000703e00000| Untracked 
|  39|0x0000000703f00000, 0x0000000703f00000, 0x0000000704000000|  0%| F|  |TAMS 0x0000000703f00000, 0x0000000703f00000| Untracked 
|  40|0x0000000704000000, 0x0000000704000000, 0x0000000704100000|  0%| F|  |TAMS 0x0000000704000000, 0x0000000704000000| Untracked 
|  41|0x0000000704100000, 0x0000000704100000, 0x0000000704200000|  0%| F|  |TAMS 0x0000000704100000, 0x0000000704100000| Untracked 
|  42|0x0000000704200000, 0x0000000704200000, 0x0000000704300000|  0%| F|  |TAMS 0x0000000704200000, 0x0000000704200000| Untracked 
|  43|0x0000000704300000, 0x0000000704300000, 0x0000000704400000|  0%| F|  |TAMS 0x0000000704300000, 0x0000000704300000| Untracked 
|  44|0x0000000704400000, 0x0000000704400000, 0x0000000704500000|  0%| F|  |TAMS 0x0000000704400000, 0x0000000704400000| Untracked 
|  45|0x0000000704500000, 0x0000000704500000, 0x0000000704600000|  0%| F|  |TAMS 0x0000000704500000, 0x0000000704500000| Untracked 
|  46|0x0000000704600000, 0x0000000704600000, 0x0000000704700000|  0%| F|  |TAMS 0x0000000704600000, 0x0000000704600000| Untracked 
|  47|0x0000000704700000, 0x0000000704700000, 0x0000000704800000|  0%| F|  |TAMS 0x0000000704700000, 0x0000000704700000| Untracked 
|  48|0x0000000704800000, 0x0000000704800000, 0x0000000704900000|  0%| F|  |TAMS 0x0000000704800000, 0x0000000704800000| Untracked 
|  49|0x0000000704900000, 0x0000000704900000, 0x0000000704a00000|  0%| F|  |TAMS 0x0000000704900000, 0x0000000704900000| Untracked 
|  50|0x0000000704a00000, 0x0000000704a00000, 0x0000000704b00000|  0%| F|  |TAMS 0x0000000704a00000, 0x0000000704a00000| Untracked 
|  51|0x0000000704b00000, 0x0000000704b00000, 0x0000000704c00000|  0%| F|  |TAMS 0x0000000704b00000, 0x0000000704b00000| Untracked 
|  52|0x0000000704c00000, 0x0000000704c00000, 0x0000000704d00000|  0%| F|  |TAMS 0x0000000704c00000, 0x0000000704c00000| Untracked 
|  53|0x0000000704d00000, 0x0000000704d00000, 0x0000000704e00000|  0%| F|  |TAMS 0x0000000704d00000, 0x0000000704d00000| Untracked 
|  54|0x0000000704e00000, 0x0000000704e00000, 0x0000000704f00000|  0%| F|  |TAMS 0x0000000704e00000, 0x0000000704e00000| Untracked 
|  55|0x0000000704f00000, 0x0000000704f00000, 0x0000000705000000|  0%| F|  |TAMS 0x0000000704f00000, 0x0000000704f00000| Untracked 
|  56|0x0000000705000000, 0x0000000705000000, 0x0000000705100000|  0%| F|  |TAMS 0x0000000705000000, 0x0000000705000000| Untracked 
|  57|0x0000000705100000, 0x0000000705100000, 0x0000000705200000|  0%| F|  |TAMS 0x0000000705100000, 0x0000000705100000| Untracked 
|  58|0x0000000705200000, 0x0000000705200000, 0x0000000705300000|  0%| F|  |TAMS 0x0000000705200000, 0x0000000705200000| Untracked 
|  59|0x0000000705300000, 0x0000000705300000, 0x0000000705400000|  0%| F|  |TAMS 0x0000000705300000, 0x0000000705300000| Untracked 
|  60|0x0000000705400000, 0x0000000705400000, 0x0000000705500000|  0%| F|  |TAMS 0x0000000705400000, 0x0000000705400000| Untracked 
|  61|0x0000000705500000, 0x0000000705500000, 0x0000000705600000|  0%| F|  |TAMS 0x0000000705500000, 0x0000000705500000| Untracked 
|  62|0x0000000705600000, 0x0000000705600000, 0x0000000705700000|  0%| F|  |TAMS 0x0000000705600000, 0x0000000705600000| Untracked 
|  63|0x0000000705700000, 0x0000000705700000, 0x0000000705800000|  0%| F|  |TAMS 0x0000000705700000, 0x0000000705700000| Untracked 
|  64|0x0000000705800000, 0x0000000705800000, 0x0000000705900000|  0%| F|  |TAMS 0x0000000705800000, 0x0000000705800000| Untracked 
|  65|0x0000000705900000, 0x0000000705900000, 0x0000000705a00000|  0%| F|  |TAMS 0x0000000705900000, 0x0000000705900000| Untracked 
|  66|0x0000000705a00000, 0x0000000705a00000, 0x0000000705b00000|  0%| F|  |TAMS 0x0000000705a00000, 0x0000000705a00000| Untracked 
|  67|0x0000000705b00000, 0x0000000705b00000, 0x0000000705c00000|  0%| F|  |TAMS 0x0000000705b00000, 0x0000000705b00000| Untracked 
|  68|0x0000000705c00000, 0x0000000705c00000, 0x0000000705d00000|  0%| F|  |TAMS 0x0000000705c00000, 0x0000000705c00000| Untracked 
|  69|0x0000000705d00000, 0x0000000705d00000, 0x0000000705e00000|  0%| F|  |TAMS 0x0000000705d00000, 0x0000000705d00000| Untracked 
|  70|0x0000000705e00000, 0x0000000705e00000, 0x0000000705f00000|  0%| F|  |TAMS 0x0000000705e00000, 0x0000000705e00000| Untracked 
|  71|0x0000000705f00000, 0x0000000705f00000, 0x0000000706000000|  0%| F|  |TAMS 0x0000000705f00000, 0x0000000705f00000| Untracked 
|  72|0x0000000706000000, 0x0000000706000000, 0x0000000706100000|  0%| F|  |TAMS 0x0000000706000000, 0x0000000706000000| Untracked 
|  73|0x0000000706100000, 0x0000000706100000, 0x0000000706200000|  0%| F|  |TAMS 0x0000000706100000, 0x0000000706100000| Untracked 
|  74|0x0000000706200000, 0x0000000706200000, 0x0000000706300000|  0%| F|  |TAMS 0x0000000706200000, 0x0000000706200000| Untracked 
|  75|0x0000000706300000, 0x0000000706300000, 0x0000000706400000|  0%| F|  |TAMS 0x0000000706300000, 0x0000000706300000| Untracked 
|  76|0x0000000706400000, 0x0000000706400000, 0x0000000706500000|  0%| F|  |TAMS 0x0000000706400000, 0x0000000706400000| Untracked 
|  77|0x0000000706500000, 0x0000000706500000, 0x0000000706600000|  0%| F|  |TAMS 0x0000000706500000, 0x0000000706500000| Untracked 
|  78|0x0000000706600000, 0x0000000706600000, 0x0000000706700000|  0%| F|  |TAMS 0x0000000706600000, 0x0000000706600000| Untracked 
|  79|0x0000000706700000, 0x0000000706700000, 0x0000000706800000|  0%| F|  |TAMS 0x0000000706700000, 0x0000000706700000| Untracked 
|  80|0x0000000706800000, 0x0000000706800000, 0x0000000706900000|  0%| F|  |TAMS 0x0000000706800000, 0x0000000706800000| Untracked 
|  81|0x0000000706900000, 0x0000000706900000, 0x0000000706a00000|  0%| F|  |TAMS 0x0000000706900000, 0x0000000706900000| Untracked 
|  82|0x0000000706a00000, 0x0000000706a00000, 0x0000000706b00000|  0%| F|  |TAMS 0x0000000706a00000, 0x0000000706a00000| Untracked 
|  83|0x0000000706b00000, 0x0000000706b00000, 0x0000000706c00000|  0%| F|  |TAMS 0x0000000706b00000, 0x0000000706b00000| Untracked 
|  84|0x0000000706c00000, 0x0000000706c00000, 0x0000000706d00000|  0%| F|  |TAMS 0x0000000706c00000, 0x0000000706c00000| Untracked 
|  85|0x0000000706d00000, 0x0000000706d00000, 0x0000000706e00000|  0%| F|  |TAMS 0x0000000706d00000, 0x0000000706d00000| Untracked 
|  86|0x0000000706e00000, 0x0000000706e00000, 0x0000000706f00000|  0%| F|  |TAMS 0x0000000706e00000, 0x0000000706e00000| Untracked 
|  87|0x0000000706f00000, 0x0000000706f00000, 0x0000000707000000|  0%| F|  |TAMS 0x0000000706f00000, 0x0000000706f00000| Untracked 
|  88|0x0000000707000000, 0x0000000707000000, 0x0000000707100000|  0%| F|  |TAMS 0x0000000707000000, 0x0000000707000000| Untracked 
|  89|0x0000000707100000, 0x0000000707100000, 0x0000000707200000|  0%| F|  |TAMS 0x0000000707100000, 0x0000000707100000| Untracked 
|  90|0x0000000707200000, 0x0000000707200000, 0x0000000707300000|  0%| F|  |TAMS 0x0000000707200000, 0x0000000707200000| Untracked 
|  91|0x0000000707300000, 0x0000000707300000, 0x0000000707400000|  0%| F|  |TAMS 0x0000000707300000, 0x0000000707300000| Untracked 
|  92|0x0000000707400000, 0x0000000707400000, 0x0000000707500000|  0%| F|  |TAMS 0x0000000707400000, 0x0000000707400000| Untracked 
|  93|0x0000000707500000, 0x0000000707500000, 0x0000000707600000|  0%| F|  |TAMS 0x0000000707500000, 0x0000000707500000| Untracked 
|  94|0x0000000707600000, 0x0000000707600000, 0x0000000707700000|  0%| F|  |TAMS 0x0000000707600000, 0x0000000707600000| Untracked 
|  95|0x0000000707700000, 0x0000000707700000, 0x0000000707800000|  0%| F|  |TAMS 0x0000000707700000, 0x0000000707700000| Untracked 
|  96|0x0000000707800000, 0x0000000707800000, 0x0000000707900000|  0%| F|  |TAMS 0x0000000707800000, 0x0000000707800000| Untracked 
|  97|0x0000000707900000, 0x0000000707900000, 0x0000000707a00000|  0%| F|  |TAMS 0x0000000707900000, 0x0000000707900000| Untracked 
|  98|0x0000000707a00000, 0x0000000707a00000, 0x0000000707b00000|  0%| F|  |TAMS 0x0000000707a00000, 0x0000000707a00000| Untracked 
|  99|0x0000000707b00000, 0x0000000707b00000, 0x0000000707c00000|  0%| F|  |TAMS 0x0000000707b00000, 0x0000000707b00000| Untracked 
| 100|0x0000000707c00000, 0x0000000707c00000, 0x0000000707d00000|  0%| F|  |TAMS 0x0000000707c00000, 0x0000000707c00000| Untracked 
| 101|0x0000000707d00000, 0x0000000707d00000, 0x0000000707e00000|  0%| F|  |TAMS 0x0000000707d00000, 0x0000000707d00000| Untracked 
| 102|0x0000000707e00000, 0x0000000707e00000, 0x0000000707f00000|  0%| F|  |TAMS 0x0000000707e00000, 0x0000000707e00000| Untracked 
| 103|0x0000000707f00000, 0x0000000707f00000, 0x0000000708000000|  0%| F|  |TAMS 0x0000000707f00000, 0x0000000707f00000| Untracked 
| 104|0x0000000708000000, 0x0000000708000000, 0x0000000708100000|  0%| F|  |TAMS 0x0000000708000000, 0x0000000708000000| Untracked 
| 105|0x0000000708100000, 0x0000000708100000, 0x0000000708200000|  0%| F|  |TAMS 0x0000000708100000, 0x0000000708100000| Untracked 
| 106|0x0000000708200000, 0x0000000708200000, 0x0000000708300000|  0%| F|  |TAMS 0x0000000708200000, 0x0000000708200000| Untracked 
| 107|0x0000000708300000, 0x0000000708300000, 0x0000000708400000|  0%| F|  |TAMS 0x0000000708300000, 0x0000000708300000| Untracked 
| 108|0x0000000708400000, 0x0000000708400000, 0x0000000708500000|  0%| F|  |TAMS 0x0000000708400000, 0x0000000708400000| Untracked 
| 109|0x0000000708500000, 0x0000000708500000, 0x0000000708600000|  0%| F|  |TAMS 0x0000000708500000, 0x0000000708500000| Untracked 
| 110|0x0000000708600000, 0x0000000708600000, 0x0000000708700000|  0%| F|  |TAMS 0x0000000708600000, 0x0000000708600000| Untracked 
| 111|0x0000000708700000, 0x0000000708700000, 0x0000000708800000|  0%| F|  |TAMS 0x0000000708700000, 0x0000000708700000| Untracked 
| 112|0x0000000708800000, 0x0000000708800000, 0x0000000708900000|  0%| F|  |TAMS 0x0000000708800000, 0x0000000708800000| Untracked 
| 113|0x0000000708900000, 0x0000000708900000, 0x0000000708a00000|  0%| F|  |TAMS 0x0000000708900000, 0x0000000708900000| Untracked 
| 114|0x0000000708a00000, 0x0000000708a00000, 0x0000000708b00000|  0%| F|  |TAMS 0x0000000708a00000, 0x0000000708a00000| Untracked 
| 115|0x0000000708b00000, 0x0000000708b00000, 0x0000000708c00000|  0%| F|  |TAMS 0x0000000708b00000, 0x0000000708b00000| Untracked 
| 116|0x0000000708c00000, 0x0000000708c00000, 0x0000000708d00000|  0%| F|  |TAMS 0x0000000708c00000, 0x0000000708c00000| Untracked 
| 117|0x0000000708d00000, 0x0000000708d00000, 0x0000000708e00000|  0%| F|  |TAMS 0x0000000708d00000, 0x0000000708d00000| Untracked 
| 118|0x0000000708e00000, 0x0000000708e00000, 0x0000000708f00000|  0%| F|  |TAMS 0x0000000708e00000, 0x0000000708e00000| Untracked 
| 119|0x0000000708f00000, 0x0000000708f00000, 0x0000000709000000|  0%| F|  |TAMS 0x0000000708f00000, 0x0000000708f00000| Untracked 
| 120|0x0000000709000000, 0x0000000709000000, 0x0000000709100000|  0%| F|  |TAMS 0x0000000709000000, 0x0000000709000000| Untracked 
| 121|0x0000000709100000, 0x0000000709100000, 0x0000000709200000|  0%| F|  |TAMS 0x0000000709100000, 0x0000000709100000| Untracked 
| 122|0x0000000709200000, 0x0000000709200000, 0x0000000709300000|  0%| F|  |TAMS 0x0000000709200000, 0x0000000709200000| Untracked 
| 123|0x0000000709300000, 0x0000000709300000, 0x0000000709400000|  0%| F|  |TAMS 0x0000000709300000, 0x0000000709300000| Untracked 
| 124|0x0000000709400000, 0x0000000709400000, 0x0000000709500000|  0%| F|  |TAMS 0x0000000709400000, 0x0000000709400000| Untracked 
| 125|0x0000000709500000, 0x0000000709500000, 0x0000000709600000|  0%| F|  |TAMS 0x0000000709500000, 0x0000000709500000| Untracked 
| 126|0x0000000709600000, 0x0000000709600000, 0x0000000709700000|  0%| F|  |TAMS 0x0000000709600000, 0x0000000709600000| Untracked 
| 127|0x0000000709700000, 0x0000000709700000, 0x0000000709800000|  0%| F|  |TAMS 0x0000000709700000, 0x0000000709700000| Untracked 
| 128|0x0000000709800000, 0x0000000709800000, 0x0000000709900000|  0%| F|  |TAMS 0x0000000709800000, 0x0000000709800000| Untracked 
| 129|0x0000000709900000, 0x0000000709900000, 0x0000000709a00000|  0%| F|  |TAMS 0x0000000709900000, 0x0000000709900000| Untracked 
| 130|0x0000000709a00000, 0x0000000709a00000, 0x0000000709b00000|  0%| F|  |TAMS 0x0000000709a00000, 0x0000000709a00000| Untracked 
| 131|0x0000000709b00000, 0x0000000709b00000, 0x0000000709c00000|  0%| F|  |TAMS 0x0000000709b00000, 0x0000000709b00000| Untracked 
| 132|0x0000000709c00000, 0x0000000709c00000, 0x0000000709d00000|  0%| F|  |TAMS 0x0000000709c00000, 0x0000000709c00000| Untracked 
| 133|0x0000000709d00000, 0x0000000709d00000, 0x0000000709e00000|  0%| F|  |TAMS 0x0000000709d00000, 0x0000000709d00000| Untracked 
| 134|0x0000000709e00000, 0x0000000709e00000, 0x0000000709f00000|  0%| F|  |TAMS 0x0000000709e00000, 0x0000000709e00000| Untracked 
| 135|0x0000000709f00000, 0x0000000709f00000, 0x000000070a000000|  0%| F|  |TAMS 0x0000000709f00000, 0x0000000709f00000| Untracked 
| 136|0x000000070a000000, 0x000000070a000000, 0x000000070a100000|  0%| F|  |TAMS 0x000000070a000000, 0x000000070a000000| Untracked 
| 137|0x000000070a100000, 0x000000070a100000, 0x000000070a200000|  0%| F|  |TAMS 0x000000070a100000, 0x000000070a100000| Untracked 
| 138|0x000000070a200000, 0x000000070a200000, 0x000000070a300000|  0%| F|  |TAMS 0x000000070a200000, 0x000000070a200000| Untracked 
| 139|0x000000070a300000, 0x000000070a300000, 0x000000070a400000|  0%| F|  |TAMS 0x000000070a300000, 0x000000070a300000| Untracked 
| 140|0x000000070a400000, 0x000000070a400000, 0x000000070a500000|  0%| F|  |TAMS 0x000000070a400000, 0x000000070a400000| Untracked 
| 141|0x000000070a500000, 0x000000070a500000, 0x000000070a600000|  0%| F|  |TAMS 0x000000070a500000, 0x000000070a500000| Untracked 
| 142|0x000000070a600000, 0x000000070a600000, 0x000000070a700000|  0%| F|  |TAMS 0x000000070a600000, 0x000000070a600000| Untracked 
| 143|0x000000070a700000, 0x000000070a700000, 0x000000070a800000|  0%| F|  |TAMS 0x000000070a700000, 0x000000070a700000| Untracked 
| 144|0x000000070a800000, 0x000000070a800000, 0x000000070a900000|  0%| F|  |TAMS 0x000000070a800000, 0x000000070a800000| Untracked 
| 145|0x000000070a900000, 0x000000070a900000, 0x000000070aa00000|  0%| F|  |TAMS 0x000000070a900000, 0x000000070a900000| Untracked 
| 146|0x000000070aa00000, 0x000000070aa00000, 0x000000070ab00000|  0%| F|  |TAMS 0x000000070aa00000, 0x000000070aa00000| Untracked 
| 147|0x000000070ab00000, 0x000000070ab00000, 0x000000070ac00000|  0%| F|  |TAMS 0x000000070ab00000, 0x000000070ab00000| Untracked 
| 148|0x000000070ac00000, 0x000000070ac00000, 0x000000070ad00000|  0%| F|  |TAMS 0x000000070ac00000, 0x000000070ac00000| Untracked 
| 149|0x000000070ad00000, 0x000000070ad00000, 0x000000070ae00000|  0%| F|  |TAMS 0x000000070ad00000, 0x000000070ad00000| Untracked 
| 150|0x000000070ae00000, 0x000000070ae00000, 0x000000070af00000|  0%| F|  |TAMS 0x000000070ae00000, 0x000000070ae00000| Untracked 
| 151|0x000000070af00000, 0x000000070af00000, 0x000000070b000000|  0%| F|  |TAMS 0x000000070af00000, 0x000000070af00000| Untracked 
| 152|0x000000070b000000, 0x000000070b000000, 0x000000070b100000|  0%| F|  |TAMS 0x000000070b000000, 0x000000070b000000| Untracked 
| 153|0x000000070b100000, 0x000000070b100000, 0x000000070b200000|  0%| F|  |TAMS 0x000000070b100000, 0x000000070b100000| Untracked 
| 154|0x000000070b200000, 0x000000070b200000, 0x000000070b300000|  0%| F|  |TAMS 0x000000070b200000, 0x000000070b200000| Untracked 
| 155|0x000000070b300000, 0x000000070b300000, 0x000000070b400000|  0%| F|  |TAMS 0x000000070b300000, 0x000000070b300000| Untracked 
| 156|0x000000070b400000, 0x000000070b400000, 0x000000070b500000|  0%| F|  |TAMS 0x000000070b400000, 0x000000070b400000| Untracked 
| 157|0x000000070b500000, 0x000000070b500000, 0x000000070b600000|  0%| F|  |TAMS 0x000000070b500000, 0x000000070b500000| Untracked 
| 158|0x000000070b600000, 0x000000070b600000, 0x000000070b700000|  0%| F|  |TAMS 0x000000070b600000, 0x000000070b600000| Untracked 
| 159|0x000000070b700000, 0x000000070b700000, 0x000000070b800000|  0%| F|  |TAMS 0x000000070b700000, 0x000000070b700000| Untracked 
| 160|0x000000070b800000, 0x000000070b800000, 0x000000070b900000|  0%| F|  |TAMS 0x000000070b800000, 0x000000070b800000| Untracked 
| 161|0x000000070b900000, 0x000000070b900000, 0x000000070ba00000|  0%| F|  |TAMS 0x000000070b900000, 0x000000070b900000| Untracked 
| 162|0x000000070ba00000, 0x000000070ba00000, 0x000000070bb00000|  0%| F|  |TAMS 0x000000070ba00000, 0x000000070ba00000| Untracked 
| 163|0x000000070bb00000, 0x000000070bb00000, 0x000000070bc00000|  0%| F|  |TAMS 0x000000070bb00000, 0x000000070bb00000| Untracked 
| 164|0x000000070bc00000, 0x000000070bc00000, 0x000000070bd00000|  0%| F|  |TAMS 0x000000070bc00000, 0x000000070bc00000| Untracked 
| 165|0x000000070bd00000, 0x000000070bd00000, 0x000000070be00000|  0%| F|  |TAMS 0x000000070bd00000, 0x000000070bd00000| Untracked 
| 166|0x000000070be00000, 0x000000070be00000, 0x000000070bf00000|  0%| F|  |TAMS 0x000000070be00000, 0x000000070be00000| Untracked 
| 167|0x000000070bf00000, 0x000000070bf00000, 0x000000070c000000|  0%| F|  |TAMS 0x000000070bf00000, 0x000000070bf00000| Untracked 
| 168|0x000000070c000000, 0x000000070c000000, 0x000000070c100000|  0%| F|  |TAMS 0x000000070c000000, 0x000000070c000000| Untracked 
| 169|0x000000070c100000, 0x000000070c100000, 0x000000070c200000|  0%| F|  |TAMS 0x000000070c100000, 0x000000070c100000| Untracked 
| 170|0x000000070c200000, 0x000000070c200000, 0x000000070c300000|  0%| F|  |TAMS 0x000000070c200000, 0x000000070c200000| Untracked 
| 171|0x000000070c300000, 0x000000070c300000, 0x000000070c400000|  0%| F|  |TAMS 0x000000070c300000, 0x000000070c300000| Untracked 
| 172|0x000000070c400000, 0x000000070c400000, 0x000000070c500000|  0%| F|  |TAMS 0x000000070c400000, 0x000000070c400000| Untracked 
| 173|0x000000070c500000, 0x000000070c500000, 0x000000070c600000|  0%| F|  |TAMS 0x000000070c500000, 0x000000070c500000| Untracked 
| 174|0x000000070c600000, 0x000000070c600000, 0x000000070c700000|  0%| F|  |TAMS 0x000000070c600000, 0x000000070c600000| Untracked 
| 175|0x000000070c700000, 0x000000070c700000, 0x000000070c800000|  0%| F|  |TAMS 0x000000070c700000, 0x000000070c700000| Untracked 
| 176|0x000000070c800000, 0x000000070c800000, 0x000000070c900000|  0%| F|  |TAMS 0x000000070c800000, 0x000000070c800000| Untracked 
| 177|0x000000070c900000, 0x000000070c900000, 0x000000070ca00000|  0%| F|  |TAMS 0x000000070c900000, 0x000000070c900000| Untracked 
| 178|0x000000070ca00000, 0x000000070ca00000, 0x000000070cb00000|  0%| F|  |TAMS 0x000000070ca00000, 0x000000070ca00000| Untracked 
| 179|0x000000070cb00000, 0x000000070cb00000, 0x000000070cc00000|  0%| F|  |TAMS 0x000000070cb00000, 0x000000070cb00000| Untracked 
| 180|0x000000070cc00000, 0x000000070cc00000, 0x000000070cd00000|  0%| F|  |TAMS 0x000000070cc00000, 0x000000070cc00000| Untracked 
| 181|0x000000070cd00000, 0x000000070cd00000, 0x000000070ce00000|  0%| F|  |TAMS 0x000000070cd00000, 0x000000070cd00000| Untracked 
| 182|0x000000070ce00000, 0x000000070ce00000, 0x000000070cf00000|  0%| F|  |TAMS 0x000000070ce00000, 0x000000070ce00000| Untracked 
| 183|0x000000070cf00000, 0x000000070cf00000, 0x000000070d000000|  0%| F|  |TAMS 0x000000070cf00000, 0x000000070cf00000| Untracked 
| 184|0x000000070d000000, 0x000000070d000000, 0x000000070d100000|  0%| F|  |TAMS 0x000000070d000000, 0x000000070d000000| Untracked 
| 185|0x000000070d100000, 0x000000070d100000, 0x000000070d200000|  0%| F|  |TAMS 0x000000070d100000, 0x000000070d100000| Untracked 
| 186|0x000000070d200000, 0x000000070d200000, 0x000000070d300000|  0%| F|  |TAMS 0x000000070d200000, 0x000000070d200000| Untracked 
| 187|0x000000070d300000, 0x000000070d300000, 0x000000070d400000|  0%| F|  |TAMS 0x000000070d300000, 0x000000070d300000| Untracked 
| 188|0x000000070d400000, 0x000000070d400000, 0x000000070d500000|  0%| F|  |TAMS 0x000000070d400000, 0x000000070d400000| Untracked 
| 189|0x000000070d500000, 0x000000070d500000, 0x000000070d600000|  0%| F|  |TAMS 0x000000070d500000, 0x000000070d500000| Untracked 
| 190|0x000000070d600000, 0x000000070d600000, 0x000000070d700000|  0%| F|  |TAMS 0x000000070d600000, 0x000000070d600000| Untracked 
| 191|0x000000070d700000, 0x000000070d700000, 0x000000070d800000|  0%| F|  |TAMS 0x000000070d700000, 0x000000070d700000| Untracked 
| 192|0x000000070d800000, 0x000000070d800000, 0x000000070d900000|  0%| F|  |TAMS 0x000000070d800000, 0x000000070d800000| Untracked 
| 193|0x000000070d900000, 0x000000070d900000, 0x000000070da00000|  0%| F|  |TAMS 0x000000070d900000, 0x000000070d900000| Untracked 
| 194|0x000000070da00000, 0x000000070da00000, 0x000000070db00000|  0%| F|  |TAMS 0x000000070da00000, 0x000000070da00000| Untracked 
| 195|0x000000070db00000, 0x000000070db00000, 0x000000070dc00000|  0%| F|  |TAMS 0x000000070db00000, 0x000000070db00000| Untracked 
| 196|0x000000070dc00000, 0x000000070dc00000, 0x000000070dd00000|  0%| F|  |TAMS 0x000000070dc00000, 0x000000070dc00000| Untracked 
| 197|0x000000070dd00000, 0x000000070dd00000, 0x000000070de00000|  0%| F|  |TAMS 0x000000070dd00000, 0x000000070dd00000| Untracked 
| 198|0x000000070de00000, 0x000000070de00000, 0x000000070df00000|  0%| F|  |TAMS 0x000000070de00000, 0x000000070de00000| Untracked 
| 199|0x000000070df00000, 0x000000070df00000, 0x000000070e000000|  0%| F|  |TAMS 0x000000070df00000, 0x000000070df00000| Untracked 
| 200|0x000000070e000000, 0x000000070e000000, 0x000000070e100000|  0%| F|  |TAMS 0x000000070e000000, 0x000000070e000000| Untracked 
| 201|0x000000070e100000, 0x000000070e100000, 0x000000070e200000|  0%| F|  |TAMS 0x000000070e100000, 0x000000070e100000| Untracked 
| 202|0x000000070e200000, 0x000000070e200000, 0x000000070e300000|  0%| F|  |TAMS 0x000000070e200000, 0x000000070e200000| Untracked 
| 203|0x000000070e300000, 0x000000070e300000, 0x000000070e400000|  0%| F|  |TAMS 0x000000070e300000, 0x000000070e300000| Untracked 
| 204|0x000000070e400000, 0x000000070e400000, 0x000000070e500000|  0%| F|  |TAMS 0x000000070e400000, 0x000000070e400000| Untracked 
| 205|0x000000070e500000, 0x000000070e500000, 0x000000070e600000|  0%| F|  |TAMS 0x000000070e500000, 0x000000070e500000| Untracked 
| 206|0x000000070e600000, 0x000000070e600000, 0x000000070e700000|  0%| F|  |TAMS 0x000000070e600000, 0x000000070e600000| Untracked 
| 207|0x000000070e700000, 0x000000070e700000, 0x000000070e800000|  0%| F|  |TAMS 0x000000070e700000, 0x000000070e700000| Untracked 
| 208|0x000000070e800000, 0x000000070e800000, 0x000000070e900000|  0%| F|  |TAMS 0x000000070e800000, 0x000000070e800000| Untracked 
| 209|0x000000070e900000, 0x000000070e900000, 0x000000070ea00000|  0%| F|  |TAMS 0x000000070e900000, 0x000000070e900000| Untracked 
| 210|0x000000070ea00000, 0x000000070ea00000, 0x000000070eb00000|  0%| F|  |TAMS 0x000000070ea00000, 0x000000070ea00000| Untracked 
| 211|0x000000070eb00000, 0x000000070eb00000, 0x000000070ec00000|  0%| F|  |TAMS 0x000000070eb00000, 0x000000070eb00000| Untracked 
| 212|0x000000070ec00000, 0x000000070ec00000, 0x000000070ed00000|  0%| F|  |TAMS 0x000000070ec00000, 0x000000070ec00000| Untracked 
| 213|0x000000070ed00000, 0x000000070ed00000, 0x000000070ee00000|  0%| F|  |TAMS 0x000000070ed00000, 0x000000070ed00000| Untracked 
| 214|0x000000070ee00000, 0x000000070ee00000, 0x000000070ef00000|  0%| F|  |TAMS 0x000000070ee00000, 0x000000070ee00000| Untracked 
| 215|0x000000070ef00000, 0x000000070ef00000, 0x000000070f000000|  0%| F|  |TAMS 0x000000070ef00000, 0x000000070ef00000| Untracked 
| 216|0x000000070f000000, 0x000000070f000000, 0x000000070f100000|  0%| F|  |TAMS 0x000000070f000000, 0x000000070f000000| Untracked 
| 217|0x000000070f100000, 0x000000070f100000, 0x000000070f200000|  0%| F|  |TAMS 0x000000070f100000, 0x000000070f100000| Untracked 
| 218|0x000000070f200000, 0x000000070f200000, 0x000000070f300000|  0%| F|  |TAMS 0x000000070f200000, 0x000000070f200000| Untracked 
| 219|0x000000070f300000, 0x000000070f300000, 0x000000070f400000|  0%| F|  |TAMS 0x000000070f300000, 0x000000070f300000| Untracked 
| 220|0x000000070f400000, 0x000000070f400000, 0x000000070f500000|  0%| F|  |TAMS 0x000000070f400000, 0x000000070f400000| Untracked 
| 221|0x000000070f500000, 0x000000070f500000, 0x000000070f600000|  0%| F|  |TAMS 0x000000070f500000, 0x000000070f500000| Untracked 
| 222|0x000000070f600000, 0x000000070f600000, 0x000000070f700000|  0%| F|  |TAMS 0x000000070f600000, 0x000000070f600000| Untracked 
| 223|0x000000070f700000, 0x000000070f700000, 0x000000070f800000|  0%| F|  |TAMS 0x000000070f700000, 0x000000070f700000| Untracked 
| 224|0x000000070f800000, 0x000000070f800000, 0x000000070f900000|  0%| F|  |TAMS 0x000000070f800000, 0x000000070f800000| Untracked 
| 225|0x000000070f900000, 0x000000070f900000, 0x000000070fa00000|  0%| F|  |TAMS 0x000000070f900000, 0x000000070f900000| Untracked 
| 226|0x000000070fa00000, 0x000000070fa00000, 0x000000070fb00000|  0%| F|  |TAMS 0x000000070fa00000, 0x000000070fa00000| Untracked 
| 227|0x000000070fb00000, 0x000000070fb00000, 0x000000070fc00000|  0%| F|  |TAMS 0x000000070fb00000, 0x000000070fb00000| Untracked 
| 228|0x000000070fc00000, 0x000000070fc00000, 0x000000070fd00000|  0%| F|  |TAMS 0x000000070fc00000, 0x000000070fc00000| Untracked 
| 229|0x000000070fd00000, 0x000000070fd00000, 0x000000070fe00000|  0%| F|  |TAMS 0x000000070fd00000, 0x000000070fd00000| Untracked 
| 230|0x000000070fe00000, 0x000000070fe00000, 0x000000070ff00000|  0%| F|  |TAMS 0x000000070fe00000, 0x000000070fe00000| Untracked 
| 231|0x000000070ff00000, 0x000000070ff00000, 0x0000000710000000|  0%| F|  |TAMS 0x000000070ff00000, 0x000000070ff00000| Untracked 
| 232|0x0000000710000000, 0x0000000710000000, 0x0000000710100000|  0%| F|  |TAMS 0x0000000710000000, 0x0000000710000000| Untracked 
| 233|0x0000000710100000, 0x0000000710100000, 0x0000000710200000|  0%| F|  |TAMS 0x0000000710100000, 0x0000000710100000| Untracked 
| 234|0x0000000710200000, 0x0000000710200000, 0x0000000710300000|  0%| F|  |TAMS 0x0000000710200000, 0x0000000710200000| Untracked 
| 235|0x0000000710300000, 0x0000000710300000, 0x0000000710400000|  0%| F|  |TAMS 0x0000000710300000, 0x0000000710300000| Untracked 
| 236|0x0000000710400000, 0x0000000710400000, 0x0000000710500000|  0%| F|  |TAMS 0x0000000710400000, 0x0000000710400000| Untracked 
| 237|0x0000000710500000, 0x0000000710500000, 0x0000000710600000|  0%| F|  |TAMS 0x0000000710500000, 0x0000000710500000| Untracked 
| 238|0x0000000710600000, 0x0000000710600000, 0x0000000710700000|  0%| F|  |TAMS 0x0000000710600000, 0x0000000710600000| Untracked 
| 239|0x0000000710700000, 0x0000000710700000, 0x0000000710800000|  0%| F|  |TAMS 0x0000000710700000, 0x0000000710700000| Untracked 
| 240|0x0000000710800000, 0x0000000710800000, 0x0000000710900000|  0%| F|  |TAMS 0x0000000710800000, 0x0000000710800000| Untracked 
| 241|0x0000000710900000, 0x0000000710900000, 0x0000000710a00000|  0%| F|  |TAMS 0x0000000710900000, 0x0000000710900000| Untracked 
| 242|0x0000000710a00000, 0x0000000710a00000, 0x0000000710b00000|  0%| F|  |TAMS 0x0000000710a00000, 0x0000000710a00000| Untracked 
| 243|0x0000000710b00000, 0x0000000710b00000, 0x0000000710c00000|  0%| F|  |TAMS 0x0000000710b00000, 0x0000000710b00000| Untracked 
| 244|0x0000000710c00000, 0x0000000710c00000, 0x0000000710d00000|  0%| F|  |TAMS 0x0000000710c00000, 0x0000000710c00000| Untracked 
| 245|0x0000000710d00000, 0x0000000710d00000, 0x0000000710e00000|  0%| F|  |TAMS 0x0000000710d00000, 0x0000000710d00000| Untracked 
| 246|0x0000000710e00000, 0x0000000710e00000, 0x0000000710f00000|  0%| F|  |TAMS 0x0000000710e00000, 0x0000000710e00000| Untracked 
| 247|0x0000000710f00000, 0x0000000710f99558, 0x0000000711000000| 59%| E|  |TAMS 0x0000000710f00000, 0x0000000710f00000| Complete 
| 248|0x0000000711000000, 0x00000007110fe470, 0x0000000711100000| 99%| E|  |TAMS 0x0000000711000000, 0x0000000711000000| Complete 
| 249|0x0000000711100000, 0x0000000711200000, 0x0000000711200000|100%| E|CS|TAMS 0x0000000711100000, 0x0000000711100000| Complete 
| 250|0x0000000711200000, 0x0000000711300000, 0x0000000711300000|100%| E|CS|TAMS 0x0000000711200000, 0x0000000711200000| Complete 
| 251|0x0000000711300000, 0x0000000711400000, 0x0000000711400000|100%| E|CS|TAMS 0x0000000711300000, 0x0000000711300000| Complete 
| 252|0x0000000711400000, 0x0000000711500000, 0x0000000711500000|100%| E|CS|TAMS 0x0000000711400000, 0x0000000711400000| Complete 
| 253|0x0000000711500000, 0x0000000711600000, 0x0000000711600000|100%| E|CS|TAMS 0x0000000711500000, 0x0000000711500000| Complete 
| 254|0x0000000711600000, 0x0000000711700000, 0x0000000711700000|100%| E|CS|TAMS 0x0000000711600000, 0x0000000711600000| Complete 
| 255|0x0000000711700000, 0x0000000711800000, 0x0000000711800000|100%| E|CS|TAMS 0x0000000711700000, 0x0000000711700000| Complete 

Card table byte_map: [0x000001e846740000,0x000001e846f40000] _byte_map_base: 0x000001e842f34000

Marking Bits (Prev, Next): (CMBitMap*) 0x000001e82e452fe8, (CMBitMap*) 0x000001e82e453028
 Prev Bits: [0x000001e847740000, 0x000001e84b6e0000)
 Next Bits: [0x000001e84b6e0000, 0x000001e84f680000)

Polling page: 0x000001e82c320000

Metaspace:

Usage:
  Non-class:      5.36 MB capacity,     2.72 MB ( 51%) used,     2.62 MB ( 49%) free+waste,    11.44 KB ( <1%) overhead. 
      Class:    554.00 KB capacity,   248.07 KB ( 45%) used,   299.37 KB ( 54%) free+waste,     6.56 KB (  1%) overhead. 
       Both:      5.90 MB capacity,     2.97 MB ( 50%) used,     2.91 MB ( 49%) free+waste,    18.00 KB ( <1%) overhead. 

Virtual space:
  Non-class space:        8.00 MB reserved,       5.50 MB ( 69%) committed 
      Class space:        1.00 GB reserved,     640.00 KB ( <1%) committed 
             Both:        1.01 GB reserved,       6.13 MB ( <1%) committed 

Chunk freelists:
   Non-Class:  17.00 KB
       Class:  22.00 KB
        Both:  39.00 KB

MaxMetaspaceSize: 17179869184.00 GB
CompressedClassSpaceSize: 1.00 GB

CodeHeap 'non-profiled nmethods': size=120000Kb used=234Kb max_used=234Kb free=119765Kb
 bounds [0x000001e83e3b0000, 0x000001e83e620000, 0x000001e8458e0000]
CodeHeap 'profiled nmethods': size=120000Kb used=913Kb max_used=913Kb free=119086Kb
 bounds [0x000001e836e80000, 0x000001e8370f0000, 0x000001e83e3b0000]
CodeHeap 'non-nmethods': size=5760Kb used=1553Kb max_used=1566Kb free=4206Kb
 bounds [0x000001e8368e0000, 0x000001e836b50000, 0x000001e836e80000]
 total_blobs=1993 nmethods=650 adapters=834
 compilation: enabled
              stopped_count=0, restarted_count=0
 full_count=0

Compilation events (20 events):
Event: 0.535 Thread 0x000001e851ca3000 nmethod 639 0x000001e83e3e9410 code [0x000001e83e3e95a0, 0x000001e83e3e9658]
Event: 0.536 Thread 0x000001e851ca4000 nmethod 640 0x000001e836f5fb10 code [0x000001e836f5fdc0, 0x000001e836f609e0]
Event: 0.536 Thread 0x000001e851ca4000  641       3       jdk.internal.jimage.ImageStringsReader::charsFromByteBufferLength (47 bytes)
Event: 0.536 Thread 0x000001e851ca4000 nmethod 641 0x000001e836f60e10 code [0x000001e836f61000, 0x000001e836f61500]
Event: 0.536 Thread 0x000001e851ca4000  642       3       jdk.internal.module.SystemModuleFinders$SystemModuleReader::find (54 bytes)
Event: 0.537 Thread 0x000001e851ca4000 nmethod 642 0x000001e836f61690 code [0x000001e836f619a0, 0x000001e836f62ae0]
Event: 0.537 Thread 0x000001e851ca4000  645       1       java.util.Formatter$Flags::valueOf (5 bytes)
Event: 0.537 Thread 0x000001e851ca4000 nmethod 645 0x000001e83e3e9710 code [0x000001e83e3e98a0, 0x000001e83e3e99d8]
Event: 0.537 Thread 0x000001e851ca4000  643       3       jdk.internal.module.SystemModuleFinders$SystemModuleReader::findImageLocation (42 bytes)
Event: 0.537 Thread 0x000001e851ca4000 nmethod 643 0x000001e836f63110 code [0x000001e836f63340, 0x000001e836f63aa0]
Event: 0.537 Thread 0x000001e851ca4000  644       1       sun.nio.fs.NativeBuffer::setOwner (6 bytes)
Event: 0.537 Thread 0x000001e851ca4000 nmethod 644 0x000001e83e3e9a90 code [0x000001e83e3e9c20, 0x000001e83e3e9db8]
Event: 0.538 Thread 0x000001e851ca4000  647       3       sun.misc.Unsafe::putLong (11 bytes)
Event: 0.538 Thread 0x000001e851ca3000  649       4       java.lang.Integer::toUnsignedLong (7 bytes)
Event: 0.538 Thread 0x000001e851ca4000 nmethod 647 0x000001e836f63d10 code [0x000001e836f63ea0, 0x000001e836f64018]
Event: 0.538 Thread 0x000001e851ca4000  648       3       org.lwjgl.system.MemoryUtil::memPutAddress (29 bytes)
Event: 0.538 Thread 0x000001e851ca4000 nmethod 648 0x000001e836f64090 code [0x000001e836f64240, 0x000001e836f64418]
Event: 0.538 Thread 0x000001e851ca3000 nmethod 649 0x000001e83e3ea290 code [0x000001e83e3ea400, 0x000001e83e3ea438]
Event: 0.538 Thread 0x000001e851ca3000  650       4       sun.misc.Unsafe::putLong (11 bytes)
Event: 0.538 Thread 0x000001e851ca3000 nmethod 650 0x000001e83e3ea590 code [0x000001e83e3ea720, 0x000001e83e3ea7b8]

GC Heap History (0 events):
No events

Deoptimization events (20 events):
Event: 0.127 Thread 0x000001e82e3e2000 DEOPT PACKING pc=0x000001e836ebc2f4 sp=0x00000088764fd8e0
Event: 0.127 Thread 0x000001e82e3e2000 DEOPT UNPACKING pc=0x000001e83692964e sp=0x00000088764fcd38 mode 0
Event: 0.127 Thread 0x000001e82e3e2000 DEOPT PACKING pc=0x000001e836ebc2f4 sp=0x00000088764fd8e0
Event: 0.127 Thread 0x000001e82e3e2000 DEOPT UNPACKING pc=0x000001e83692964e sp=0x00000088764fcd38 mode 0
Event: 0.127 Thread 0x000001e82e3e2000 DEOPT PACKING pc=0x000001e836ebc2f4 sp=0x00000088764fd8e0
Event: 0.127 Thread 0x000001e82e3e2000 DEOPT UNPACKING pc=0x000001e83692964e sp=0x00000088764fcd38 mode 0
Event: 0.127 Thread 0x000001e82e3e2000 DEOPT PACKING pc=0x000001e836ebc2f4 sp=0x00000088764fd8e0
Event: 0.127 Thread 0x000001e82e3e2000 DEOPT UNPACKING pc=0x000001e83692964e sp=0x00000088764fcd38 mode 0
Event: 0.128 Thread 0x000001e82e3e2000 DEOPT PACKING pc=0x000001e836ebc2f4 sp=0x00000088764fd8e0
Event: 0.128 Thread 0x000001e82e3e2000 DEOPT UNPACKING pc=0x000001e83692964e sp=0x00000088764fcd38 mode 0
Event: 0.128 Thread 0x000001e82e3e2000 DEOPT PACKING pc=0x000001e836ebc2f4 sp=0x00000088764fd8e0
Event: 0.128 Thread 0x000001e82e3e2000 DEOPT UNPACKING pc=0x000001e83692964e sp=0x00000088764fcd38 mode 0
Event: 0.128 Thread 0x000001e82e3e2000 DEOPT PACKING pc=0x000001e836ebc2f4 sp=0x00000088764fd8e0
Event: 0.128 Thread 0x000001e82e3e2000 DEOPT UNPACKING pc=0x000001e83692964e sp=0x00000088764fcd38 mode 0
Event: 0.128 Thread 0x000001e82e3e2000 DEOPT PACKING pc=0x000001e836ebc2f4 sp=0x00000088764fd8e0
Event: 0.128 Thread 0x000001e82e3e2000 DEOPT UNPACKING pc=0x000001e83692964e sp=0x00000088764fcd38 mode 0
Event: 0.145 Thread 0x000001e82e3e2000 Uncommon trap: trap_request=0xffffff45 fr.pc=0x000001e83e3b5924 relative=0x0000000000000084
Event: 0.145 Thread 0x000001e82e3e2000 Uncommon trap: reason=unstable_if action=reinterpret pc=0x000001e83e3b5924 method=java.lang.String.isLatin1()Z @ 10 c2
Event: 0.145 Thread 0x000001e82e3e2000 DEOPT PACKING pc=0x000001e83e3b5924 sp=0x00000088764febd0
Event: 0.145 Thread 0x000001e82e3e2000 DEOPT UNPACKING pc=0x000001e83692912f sp=0x00000088764feb10 mode 2

Classes unloaded (0 events):
No events

Classes redefined (0 events):
No events

Internal exceptions (20 events):
Event: 0.207 Thread 0x000001e82e3e2000 Exception <a 'sun/nio/fs/WindowsException'{0x0000000711103140}> (0x0000000711103140) 
thrown [t:/workspace/open/src/hotspot/share/prims/jni.cpp, line 598]
Event: 0.229 Thread 0x000001e82e3e2000 Exception <a 'sun/nio/fs/WindowsException'{0x000000071113cec8}> (0x000000071113cec8) 
thrown [t:/workspace/open/src/hotspot/share/prims/jni.cpp, line 598]
Event: 0.229 Thread 0x000001e82e3e2000 Exception <a 'sun/nio/fs/WindowsException'{0x000000071113d208}> (0x000000071113d208) 
thrown [t:/workspace/open/src/hotspot/share/prims/jni.cpp, line 598]
Event: 0.236 Thread 0x000001e82e3e2000 Exception <a 'sun/nio/fs/WindowsException'{0x0000000711146e40}> (0x0000000711146e40) 
thrown [t:/workspace/open/src/hotspot/share/prims/jni.cpp, line 598]
Event: 0.241 Thread 0x000001e82e3e2000 Exception <a 'java/lang/NoSuchMethodError'{0x0000000711186318}: 'int java.lang.invoke.DirectMethodHandle$Holder.invokeStaticInit(java.lang.Object, java.lang.Object, int, long)'> (0x0000000711186318) 
thrown [t:/workspace/open/src/hotspot/share/interpreter/linkResolver.cpp, line 767]
Event: 0.242 Thread 0x000001e82e3e2000 Exception <a 'java/lang/NoSuchMethodError'{0x000000071118adc0}: 'java.lang.Object java.lang.invoke.Invokers$Holder.linkToTargetMethod(java.lang.Object, int, java.lang.Object)'> (0x000000071118adc0) 
thrown [t:/workspace/open/src/hotspot/share/interpreter/linkResolver.cpp, line 767]
Event: 0.243 Thread 0x000001e82e3e2000 Exception <a 'java/lang/NoSuchMethodError'{0x0000000711197f90}: 'int java.lang.invoke.DirectMethodHandle$Holder.invokeStaticInit(java.lang.Object, java.lang.Object, long, long)'> (0x0000000711197f90) 
thrown [t:/workspace/open/src/hotspot/share/interpreter/linkResolver.cpp, line 767]
Event: 0.243 Thread 0x000001e82e3e2000 Exception <a 'java/lang/NoSuchMethodError'{0x000000071119ce10}: 'java.lang.Object java.lang.invoke.Invokers$Holder.linkToTargetMethod(java.lang.Object, long, java.lang.Object)'> (0x000000071119ce10) 
thrown [t:/workspace/open/src/hotspot/share/interpreter/linkResolver.cpp, line 767]
Event: 0.244 Thread 0x000001e82e3e2000 Exception <a 'java/lang/NoSuchMethodError'{0x00000007111a28f8}: 'int java.lang.invoke.DirectMethodHandle$Holder.invokeStaticInit(java.lang.Object, java.lang.Object, java.lang.Object, long)'> (0x00000007111a28f8) 
thrown [t:/workspace/open/src/hotspot/share/interpreter/linkResolver.cpp, line 767]
Event: 0.260 Thread 0x000001e82e3e2000 Exception <a 'sun/nio/fs/WindowsException'{0x00000007110586d8}> (0x00000007110586d8) 
thrown [t:/workspace/open/src/hotspot/share/prims/jni.cpp, line 598]
Event: 0.267 Thread 0x000001e82e3e2000 Exception <a 'sun/nio/fs/WindowsException'{0x0000000711066b90}> (0x0000000711066b90) 
thrown [t:/workspace/open/src/hotspot/share/prims/jni.cpp, line 598]
Event: 0.267 Thread 0x000001e82e3e2000 Exception <a 'sun/nio/fs/WindowsException'{0x0000000711066ee8}> (0x0000000711066ee8) 
thrown [t:/workspace/open/src/hotspot/share/prims/jni.cpp, line 598]
Event: 0.271 Thread 0x000001e82e3e2000 Exception <a 'sun/nio/fs/WindowsException'{0x0000000711083ac0}> (0x0000000711083ac0) 
thrown [t:/workspace/open/src/hotspot/share/prims/jni.cpp, line 598]
Event: 0.527 Thread 0x000001e82e3e2000 Exception <a 'sun/nio/fs/WindowsException'{0x0000000710f35f70}> (0x0000000710f35f70) 
thrown [t:/workspace/open/src/hotspot/share/prims/jni.cpp, line 598]
Event: 0.532 Thread 0x000001e82e3e2000 Exception <a 'sun/nio/fs/WindowsException'{0x0000000710f450e0}> (0x0000000710f450e0) 
thrown [t:/workspace/open/src/hotspot/share/prims/jni.cpp, line 598]
Event: 0.532 Thread 0x000001e82e3e2000 Exception <a 'sun/nio/fs/WindowsException'{0x0000000710f45470}> (0x0000000710f45470) 
thrown [t:/workspace/open/src/hotspot/share/prims/jni.cpp, line 598]
Event: 0.535 Thread 0x000001e82e3e2000 Exception <a 'sun/nio/fs/WindowsException'{0x0000000710f49dd8}> (0x0000000710f49dd8) 
thrown [t:/workspace/open/src/hotspot/share/prims/jni.cpp, line 598]
Event: 0.536 Thread 0x000001e82e3e2000 Exception <a 'sun/nio/fs/WindowsException'{0x0000000710f52e98}> (0x0000000710f52e98) 
thrown [t:/workspace/open/src/hotspot/share/prims/jni.cpp, line 598]
Event: 0.537 Thread 0x000001e82e3e2000 Exception <a 'sun/nio/fs/WindowsException'{0x0000000710f55240}> (0x0000000710f55240) 
thrown [t:/workspace/open/src/hotspot/share/prims/jni.cpp, line 598]
Event: 0.537 Thread 0x000001e82e3e2000 Exception <a 'sun/nio/fs/WindowsException'{0x0000000710f55510}> (0x0000000710f55510) 
thrown [t:/workspace/open/src/hotspot/share/prims/jni.cpp, line 598]

Events (20 events):
Event: 0.246 loading class java/math/MutableBigInteger done
Event: 0.246 loading class java/nio/InvalidMarkException
Event: 0.246 loading class java/nio/InvalidMarkException done
Event: 0.246 loading class java/nio/BufferUnderflowException
Event: 0.246 loading class java/nio/BufferUnderflowException done
Event: 0.246 loading class org/lwjgl/system/MemoryStack
Event: 0.246 loading class org/lwjgl/system/MemoryStack done
Event: 0.247 loading class org/lwjgl/system/MemoryStack
Event: 0.247 loading class org/lwjgl/system/MemoryStack done
Event: 0.253 loading class org/lwjgl/system/jemalloc/JEmallocAllocator
Event: 0.253 loading class org/lwjgl/system/jemalloc/JEmallocAllocator done
Event: 0.267 loading class java/lang/NoSuchFieldError
Event: 0.267 loading class java/lang/NoSuchFieldError done
Event: 0.272 loading class jdk/internal/reflect/UnsafeQualifiedStaticIntegerFieldAccessorImpl
Event: 0.272 loading class jdk/internal/reflect/UnsafeQualifiedStaticIntegerFieldAccessorImpl done
Event: 0.517 loading class main/RayCaster
Event: 0.517 loading class main/RayCaster done
Event: 0.518 Thread 0x000001e852eb4800 Thread exited: 0x000001e852eb4800
Event: 0.518 Thread 0x000001e852e8f800 Thread exited: 0x000001e852e8f800
Event: 0.534 Loaded shared library C:\Users\Sam\AppData\Local\Temp\lwjglSam\3.3.1-SNAPSHOT\lwjgl_opengl.dll


Dynamic libraries:
0x00007ff62b2a0000 - 0x00007ff62b2af000 	C:\Program Files\Java\jdk-13.0.1\bin\javaw.exe
0x00007ff903650000 - 0x00007ff903848000 	C:\WINDOWS\SYSTEM32\ntdll.dll
0x00007ff901690000 - 0x00007ff90174d000 	C:\WINDOWS\System32\KERNEL32.DLL
0x00007ff900e30000 - 0x00007ff901126000 	C:\WINDOWS\System32\KERNELBASE.dll
0x00007ff8fe0c0000 - 0x00007ff8fe150000 	C:\WINDOWS\SYSTEM32\apphelp.dll
0x00007ff901420000 - 0x00007ff901520000 	C:\WINDOWS\System32\ucrtbase.dll
0x00007ff8f7b30000 - 0x00007ff8f7b48000 	C:\Program Files\Java\jdk-13.0.1\bin\jli.dll
0x00007ff8f35f0000 - 0x00007ff8f3605000 	C:\Program Files\Java\jdk-13.0.1\bin\VCRUNTIME140.dll
0x00007ff9020e0000 - 0x00007ff902190000 	C:\WINDOWS\System32\ADVAPI32.dll
0x00007ff902b00000 - 0x00007ff902b9e000 	C:\WINDOWS\System32\msvcrt.dll
0x00007ff902c20000 - 0x00007ff902cc0000 	C:\WINDOWS\System32\sechost.dll
0x00007ff902200000 - 0x00007ff902323000 	C:\WINDOWS\System32\RPCRT4.dll
0x00007ff9015b0000 - 0x00007ff9015d7000 	C:\WINDOWS\System32\bcrypt.dll
0x00007ff9024e0000 - 0x00007ff90267f000 	C:\WINDOWS\System32\USER32.dll
0x00007ff901290000 - 0x00007ff9012b2000 	C:\WINDOWS\System32\win32u.dll
0x00007ff901d50000 - 0x00007ff901d7b000 	C:\WINDOWS\System32\GDI32.dll
0x00007ff8ec880000 - 0x00007ff8ecb1a000 	C:\WINDOWS\WinSxS\amd64_microsoft.windows.common-controls_6595b64144ccf1df_6.0.19041.4355_none_60b8b9eb71f62e16\COMCTL32.dll
0x00007ff900d10000 - 0x00007ff900e27000 	C:\WINDOWS\System32\gdi32full.dll
0x00007ff9011f0000 - 0x00007ff90128d000 	C:\WINDOWS\System32\msvcp_win.dll
0x00007ff8fb580000 - 0x00007ff8fb58a000 	C:\WINDOWS\SYSTEM32\VERSION.dll
0x00007ff902cc0000 - 0x00007ff902cef000 	C:\WINDOWS\System32\IMM32.DLL
0x00007ff8d72a0000 - 0x00007ff8d733b000 	C:\Program Files\Java\jdk-13.0.1\bin\msvcp140.dll
0x00007ff89fba0000 - 0x00007ff8a0706000 	C:\Program Files\Java\jdk-13.0.1\bin\server\jvm.dll
0x00007ff901d40000 - 0x00007ff901d48000 	C:\WINDOWS\System32\PSAPI.DLL
0x00007ff8ef830000 - 0x00007ff8ef839000 	C:\WINDOWS\SYSTEM32\WSOCK32.dll
0x00007ff8f5690000 - 0x00007ff8f56b7000 	C:\WINDOWS\SYSTEM32\WINMM.dll
0x00007ff902190000 - 0x00007ff9021fb000 	C:\WINDOWS\System32\WS2_32.dll
0x00007ff8febb0000 - 0x00007ff8febc2000 	C:\WINDOWS\SYSTEM32\kernel.appcore.dll
0x00007ff8f99d0000 - 0x00007ff8f99e0000 	C:\Program Files\Java\jdk-13.0.1\bin\verify.dll
0x00007ff8fa520000 - 0x00007ff8fa704000 	C:\WINDOWS\SYSTEM32\DBGHELP.DLL
0x00007ff8faad0000 - 0x00007ff8fab04000 	C:\WINDOWS\SYSTEM32\dbgcore.DLL
0x00007ff901520000 - 0x00007ff9015a2000 	C:\WINDOWS\System32\bcryptPrimitives.dll
0x00007ff8f19c0000 - 0x00007ff8f19e6000 	C:\Program Files\Java\jdk-13.0.1\bin\java.dll
0x00007ff8f3090000 - 0x00007ff8f30a7000 	C:\Program Files\Java\jdk-13.0.1\bin\zip.dll
0x00007ff8f3020000 - 0x00007ff8f302a000 	C:\Program Files\Java\jdk-13.0.1\bin\jimage.dll
0x00007ff902cf0000 - 0x00007ff90345c000 	C:\WINDOWS\System32\SHELL32.dll
0x00007ff8fedb0000 - 0x00007ff8ff54d000 	C:\WINDOWS\SYSTEM32\windows.storage.dll
0x00007ff9027a0000 - 0x00007ff902af3000 	C:\WINDOWS\System32\combase.dll
0x00007ff900730000 - 0x00007ff90075e000 	C:\WINDOWS\SYSTEM32\Wldp.dll
0x00007ff901ee0000 - 0x00007ff901fad000 	C:\WINDOWS\System32\OLEAUT32.dll
0x00007ff901c30000 - 0x00007ff901cdd000 	C:\WINDOWS\System32\SHCORE.dll
0x00007ff901750000 - 0x00007ff9017a5000 	C:\WINDOWS\System32\shlwapi.dll
0x00007ff900c40000 - 0x00007ff900c64000 	C:\WINDOWS\SYSTEM32\profapi.dll
0x00007ff8f19a0000 - 0x00007ff8f19b9000 	C:\Program Files\Java\jdk-13.0.1\bin\net.dll
0x00007ff8fade0000 - 0x00007ff8faeea000 	C:\WINDOWS\SYSTEM32\WINHTTP.dll
0x00007ff900490000 - 0x00007ff9004fa000 	C:\WINDOWS\system32\mswsock.dll
0x00007ff8f1980000 - 0x00007ff8f1993000 	C:\Program Files\Java\jdk-13.0.1\bin\nio.dll
0x00007ff8d7220000 - 0x00007ff8d729b000 	C:\Users\Sam\AppData\Local\Temp\lwjglSam\3.3.1-SNAPSHOT\lwjgl.dll
0x00007ff8d7190000 - 0x00007ff8d7212000 	C:\Users\Sam\AppData\Local\Temp\lwjglSam\3.3.1-SNAPSHOT\glfw.dll
0x00007ff8d7140000 - 0x00007ff8d7185000 	C:\WINDOWS\SYSTEM32\dinput8.dll
0x00007ff8a8450000 - 0x00007ff8a8461000 	C:\WINDOWS\SYSTEM32\xinput1_4.dll
0x00007ff9011a0000 - 0x00007ff9011ee000 	C:\WINDOWS\System32\cfgmgr32.dll
0x00007ff900a90000 - 0x00007ff900ac3000 	C:\WINDOWS\SYSTEM32\DEVOBJ.dll
0x00007ff8feaa0000 - 0x00007ff8feacf000 	C:\WINDOWS\SYSTEM32\dwmapi.dll
0x00007ff8eec60000 - 0x00007ff8eedb2000 	C:\WINDOWS\SYSTEM32\inputhost.dll
0x00007ff8fdc60000 - 0x00007ff8fdd52000 	C:\WINDOWS\SYSTEM32\CoreMessaging.dll
0x00007ff8fd220000 - 0x00007ff8fd377000 	C:\WINDOWS\SYSTEM32\wintypes.dll
0x00007ff8fa740000 - 0x00007ff8fa836000 	C:\WINDOWS\SYSTEM32\PROPSYS.dll
0x00007ff8fd900000 - 0x00007ff8fdc5b000 	C:\WINDOWS\SYSTEM32\CoreUIComponents.dll
0x00007ff8ffe60000 - 0x00007ff8ffe93000 	C:\WINDOWS\SYSTEM32\ntmarta.dll
0x00007ff8fe6d0000 - 0x00007ff8fe76e000 	C:\WINDOWS\system32\uxtheme.dll
0x00007ff902680000 - 0x00007ff902794000 	C:\WINDOWS\System32\MSCTF.dll
0x00007ff896bc0000 - 0x00007ff896ce5000 	C:\WINDOWS\SYSTEM32\opengl32.dll
0x00007ff8ccb80000 - 0x00007ff8ccbac000 	C:\WINDOWS\SYSTEM32\GLU32.dll
0x00007ff902420000 - 0x00007ff9024c9000 	C:\WINDOWS\System32\clbcatq.dll
0x00007ff86c0c0000 - 0x00007ff87034a000 	C:\WINDOWS\System32\DriverStore\FileRepository\nv_dispig.inf_amd64_7e5fd280efaa5445\nvoglv64.dll
0x00007ff9017c0000 - 0x00007ff901c2e000 	C:\WINDOWS\System32\SETUPAPI.dll
0x00007ff901fb0000 - 0x00007ff9020db000 	C:\WINDOWS\System32\ole32.dll
0x00007ff8fc3c0000 - 0x00007ff8fc3d4000 	C:\WINDOWS\SYSTEM32\WTSAPI32.dll
0x00007ff9008c0000 - 0x00007ff9008d2000 	C:\WINDOWS\SYSTEM32\msasn1.dll
0x00007ff8fb480000 - 0x00007ff8fb4b1000 	C:\WINDOWS\SYSTEM32\cryptnet.dll
0x00007ff9012c0000 - 0x00007ff90141e000 	C:\WINDOWS\System32\CRYPT32.dll
0x00007ff8fb280000 - 0x00007ff8fb3c7000 	C:\WINDOWS\SYSTEM32\drvstore.dll
0x00007ff900680000 - 0x00007ff90068c000 	C:\WINDOWS\SYSTEM32\cryptbase.dll
0x00007ff901130000 - 0x00007ff901199000 	C:\WINDOWS\System32\WINTRUST.dll
0x00007ff8fc100000 - 0x00007ff8fc13b000 	C:\WINDOWS\SYSTEM32\dxcore.dll
0x00007ff8bd340000 - 0x00007ff8bd607000 	C:\WINDOWS\system32\nvspcap64.dll
0x00007ff900290000 - 0x00007ff9002db000 	C:\WINDOWS\SYSTEM32\powrprof.dll
0x00007ff900100000 - 0x00007ff900112000 	C:\WINDOWS\SYSTEM32\UMPDC.dll
0x00007ff8ff9c0000 - 0x00007ff8ffa1b000 	C:\WINDOWS\SYSTEM32\WINSTA.dll
0x00007ff8d70e0000 - 0x00007ff8d713e000 	C:\Users\Sam\AppData\Local\Temp\lwjglSam\3.3.1-SNAPSHOT\lwjgl_opengl.dll

dbghelp: loaded successfully - version: 4.0.5 - missing functions: none
symbol engine: initialized successfully - sym options: 0x614 - pdb path: .;C:\Program Files\Java\jdk-13.0.1\bin;C:\WINDOWS\SYSTEM32;C:\WINDOWS\WinSxS\amd64_microsoft.windows.common-controls_6595b64144ccf1df_6.0.19041.4355_none_60b8b9eb71f62e16;C:\Program Files\Java\jdk-13.0.1\bin\server;C:\Users\Sam\AppData\Local\Temp\lwjglSam\3.3.1-SNAPSHOT;C:\WINDOWS\System32\DriverStore\FileRepository\nv_dispig.inf_amd64_7e5fd280efaa5445

VM Arguments:
jvm_args: -Dfile.encoding=windows-1252 -Dstdout.encoding=windows-1252 -Dstderr.encoding=windows-1252 --module-path=C:\Users\Sam\eclipse-workspace\RaycasterEngine\target\classes;C:\Users\Sam\.m2\repository\org\lwjgl\lwjgl\3.3.1\lwjgl-3.3.1.jar;C:\Users\Sam\.m2\repository\org\lwjgl\lwjgl-glfw\3.3.1\lwjgl-glfw-3.3.1.jar;C:\Users\Sam\.m2\repository\org\lwjgl\lwjgl-opengl\3.3.1\lwjgl-opengl-3.3.1.jar -Djdk.module.main=RaycasterEngine 
java_command: RaycasterEngine/main.RayCaster
java_class_path (initial): C:\Users\Sam\eclipse-workspace\RaycasterEngine\LocalDependencies\lwjgl\lwjgl-natives-windows.jar;C:\Users\Sam\eclipse-workspace\RaycasterEngine\LocalDependencies\lwjgl-glfw\lwjgl-glfw-natives-windows.jar;C:\Users\Sam\eclipse-workspace\RaycasterEngine\LocalDependencies\lwjgl-opengl\lwjgl-opengl-natives-windows.jar
Launcher Type: SUN_STANDARD

[Global flags]
     intx CICompilerCount                          = 4                                         {product} {ergonomic}
     uint ConcGCThreads                            = 3                                         {product} {ergonomic}
     uint G1ConcRefinementThreads                  = 10                                        {product} {ergonomic}
   size_t G1HeapRegionSize                         = 1048576                                   {product} {ergonomic}
    uintx GCDrainStackTargetSize                   = 64                                        {product} {ergonomic}
   size_t InitialHeapSize                          = 268435456                                 {product} {ergonomic}
   size_t MarkStackSize                            = 4194304                                   {product} {ergonomic}
   size_t MaxHeapSize                              = 4269801472                                {product} {ergonomic}
   size_t MaxNewSize                               = 2561671168                                {product} {ergonomic}
   size_t MinHeapDeltaBytes                        = 1048576                                   {product} {ergonomic}
   size_t MinHeapSize                              = 8388608                                   {product} {ergonomic}
    uintx NonNMethodCodeHeapSize                   = 5836300                                {pd product} {ergonomic}
    uintx NonProfiledCodeHeapSize                  = 122910970                              {pd product} {ergonomic}
    uintx ProfiledCodeHeapSize                     = 122910970                              {pd product} {ergonomic}
    uintx ReservedCodeCacheSize                    = 251658240                              {pd product} {ergonomic}
     bool SegmentedCodeCache                       = true                                      {product} {ergonomic}
   size_t SoftMaxHeapSize                          = 4269801472                             {manageable} {ergonomic}
     bool UseCompressedClassPointers               = true                                 {lp64_product} {ergonomic}
     bool UseCompressedOops                        = true                                 {lp64_product} {ergonomic}
     bool UseG1GC                                  = true                                      {product} {ergonomic}
     bool UseLargePagesIndividualAllocation        = false                                  {pd product} {ergonomic}

Logging:
Log output configuration:
 #0: stdout all=warning uptime,level,tags
 #1: stderr all=off uptime,level,tags

Environment Variables:
PATH=C:/Users/Sam/.p2/pool/plugins/org.eclipse.justj.openjdk.hotspot.jre.full.win32.x86_64_22.0.1.v20240426-1149/jre/bin/server;C:/Users/Sam/.p2/pool/plugins/org.eclipse.justj.openjdk.hotspot.jre.full.win32.x86_64_22.0.1.v20240426-1149/jre/bin;C:\Python312\Scripts\;C:\Python312\;C:\Program Files\Common Files\Oracle\Java\javapath;C:\Program Files (x86)\Razer\ChromaBroadcast\bin;C:\Program Files\Razer\ChromaBroadcast\bin;C:\Program Files (x86)\Common Files\Oracle\Java\javapath;C:\Python39\Scripts\;C:\Python39\;C:\Program Files (x86)\Razer Chroma SDK\bin;C:\Program Files\Razer Chroma SDK\bin;C:\Windows\system32;C:\Windows;C:\Windows\System32\Wbem;C:\Windows\System32\WindowsPowerShell\v1.0\;C:\ProgramData\Oracle\Java\javapath;C:\Windows\system32\config\systemprofile\AppData\Local\Microsoft\WindowsApps;C:\WINDOWS\system32;C:\WINDOWS;C:\WINDOWS\System32\Wbem;C:\WINDOWS\System32\WindowsPowerShell\v1.0\;C:\Program Files\dotnet\;C:\WINDOWS\System32\OpenSSH\;C:\Program Files (x86)\AOMEI Backupper;C:\Program Files\NVIDIA Corporation\NVIDIA NvDLISR;C:\Program Files\Git\cmd;C:\ProgramData\chocolatey\bin;C:\WINDOWS\system32\config\systemprofile\AppData\Local\Microsoft\WindowsApps;C:\Program Files (x86)\NVIDIA Corporation\PhysX\Common;C:\Program Files\PuTTY\;C:\Program Files\Wiimm\SZS;C:\WINDOWS\system32;C:\WINDOWS;C:\WINDOWS\System32\Wbem;C:\WINDOWS\System32\WindowsPowerShell\v1.0\;C:\WINDOWS\System32\OpenSSH\;C:\Program Files\Microsoft SQL Server\150\Tools\Binn\;C:\Program Files\Microsoft SQL Server\Client SDK\ODBC\170\Tools\Binn\;C:\Program Files\nodejs\;C:\Program Files\Java\jdk-13.0.1\bin;C:\Users\Sam\.cargo\bin;C:\Users\Sam\AppData\Local\Microsoft\WindowsApps;C:\Users\Sam\AppData\Local\Programs\Microsoft VS Code\bin;C:\Users\Sam\.dotnet\tools;C:\Users\Sam\AppData\Local\GitHubDesktop\bin;C:\Program Files\Wiimm\SZS;;C:\Users\Sam\AppData\Roaming\npm;C:\Users\Sam\Desktop;
USERNAME=Sam
OS=Windows_NT
PROCESSOR_IDENTIFIER=Intel64 Family 6 Model 79 Stepping 1, GenuineIntel



---------------  S Y S T E M  ---------------

OS: Windows 10 , 64 bit Build 19041 (10.0.19041.3636)

CPU:total 12 (initial active 12) (6 cores per cpu, 2 threads per core) family 6 model 79 stepping 1, cmov, cx8, fxsr, mmx, sse, sse2, sse3, ssse3, sse4.1, sse4.2, popcnt, avx, avx2, aes, clmul, erms, rtm, 3dnowpref, lzcnt, ht, tsc, tscinvbit, bmi1, bmi2, adx, fma

Memory: 4k page, system-wide physical 16284M (4387M free)
TotalPageFile size 36764M (AvailPageFile size 11938M)
current process WorkingSet (physical memory assigned to process): 101M, peak: 101M
current process commit charge ("private bytes"): 410M, peak: 410M

vm_info: Java HotSpot(TM) 64-Bit Server VM (13.0.1+9) for windows-amd64 JRE (13.0.1+9), built on Oct  6 2019 12:37:49 by "mach5one" with unknown MS VC++:1916

END.
